drop ElasticityNLY[5,1]
drop ElasticityNLY[6,1]
drop ElasticityNLY[7,1]
drop ElasticityNLY[8,1]
drop ElasticityNLY[9,1]
drop ElasticityNLY[10,1]
drop ElasticityNLY[11,1]
drop ElasticityNLY[12,1]
drop ElasticityNLY[13,1]
drop ElasticityNLY[14,1]
drop ElasticityNLY[15,1]
drop ElasticityNLY[16,1]
drop ElasticityNLY[18,1]
drop ElasticityNLY[19,1]
drop ElasticityNLY[20,1]
drop ElasticityNLY[21,1]
drop ElasticityNLY[22,1]
drop ElasticityNLY[23,1]
drop ElasticityNLY[24,1]
drop ElasticityNLY[25,1]
drop ElasticityNLY[26,1]
drop ElasticityNLY[27,1]
drop ElasticityNLY[28,1]
drop ElasticityNLY[29,1]
drop ElasticityNLY[30,1]
drop ElasticityNLY[31,1]
drop ElasticityNLY[32,1]
drop ElasticityNLY[33,1]
drop ElasticityNLY[34,1]
drop ElasticityNLY[36,1]
drop ElasticityNLY[37,1]
drop ElasticityNLY[38,1]
drop ElasticityNLY[39,1]
drop ElasticityNLY[40,1]
drop ElasticityNLY[41,1]
drop ElasticityNLY[42,1]
drop ElasticityNLY[43,1]
drop ElasticityNLY[44,1]
drop ElasticityNLY[45,1]
drop ElasticityNLY[46,1]
drop ElasticityNLY[47,1]
drop ElasticityNLY[48,1]
drop ElasticityNLY[50,1]
drop ElasticityNLY[51,1]
drop ElasticityNLY[55,1]
drop ElasticityNLY[59,1]
drop ElasticityNLY[60,1]
drop ElasticityNLY[62,1]
